[debug] [2022-12-15T16:27:24.649Z] ----------------------------------------------------------------------
[debug] [2022-12-15T16:27:24.653Z] Command:       C:\Program Files\nodejs\node.exe C:\Users\hp\AppData\Roaming\npm\node_modules\firebase-tools\lib\bin\firebase.js init
[debug] [2022-12-15T16:27:24.654Z] CLI Version:   11.17.0
[debug] [2022-12-15T16:27:24.654Z] Platform:      win32
[debug] [2022-12-15T16:27:24.654Z] Node Version:  v16.17.1
[debug] [2022-12-15T16:27:24.661Z] Time:          Thu Dec 15 2022 21:57:24 GMT+0530 (India Standard Time)
[debug] [2022-12-15T16:27:24.661Z] ----------------------------------------------------------------------
[debug] 
[debug] [2022-12-15T16:27:24.667Z] >>> [apiv2][query] GET https://firebase-public.firebaseio.com/cli.json [none]
[debug] [2022-12-15T16:27:24.824Z] > command requires scopes: ["email","openid","https://www.googleapis.com/auth/cloudplatformprojects.readonly","https://www.googleapis.com/auth/firebase","https://www.googleapis.com/auth/cloud-platform"]
[debug] [2022-12-15T16:27:24.824Z] > authorizing via signed-in user (ashokjoshi419@gmail.com)
[info] 
     ######## #### ########  ######## ########     ###     ######  ########
     ##        ##  ##     ## ##       ##     ##  ##   ##  ##       ##
     ######    ##  ########  ######   ########  #########  ######  ######
     ##        ##  ##    ##  ##       ##     ## ##     ##       ## ##
     ##       #### ##     ## ######## ########  ##     ##  ######  ########

You're about to initialize a Firebase project in this directory:

  C:\Users\hp\OneDrive\Desktop\Whatsapp-web-clone\whatsapp-clone

Before we get started, keep in mind:

  * You are initializing within an existing Firebase project directory

[debug] [2022-12-15T16:27:26.161Z] <<< [apiv2][status] GET https://firebase-public.firebaseio.com/cli.json 200
[debug] [2022-12-15T16:27:26.161Z] <<< [apiv2][body] GET https://firebase-public.firebaseio.com/cli.json {"cloudBuildErrorAfter":1594252800000,"cloudBuildWarnAfter":1590019200000,"defaultNode10After":1594252800000,"minVersion":"3.0.5","node8DeploysDisabledAfter":1613390400000,"node8RuntimeDisabledAfter":1615809600000,"node8WarnAfter":1600128000000}
